
main.elf:     file format elf32-avr

Sections:
Idx Name          Size      VMA       LMA       File off  Algn
  0 .text         0000097c  00000000  00000000  00000094  2**1
                  CONTENTS, ALLOC, LOAD, READONLY, CODE
  1 .data         00000014  00800060  0000097c  00000a10  2**0
                  CONTENTS, ALLOC, LOAD, DATA
  2 .bss          0000000e  00800074  00800074  00000a24  2**0
                  ALLOC
  3 .stab         0000078c  00000000  00000000  00000a24  2**2
                  CONTENTS, READONLY, DEBUGGING
  4 .stabstr      00000d55  00000000  00000000  000011b0  2**0
                  CONTENTS, READONLY, DEBUGGING
  5 .comment      00000011  00000000  00000000  00001f05  2**0
                  CONTENTS, READONLY
  6 .note.gnu.avr.deviceinfo 0000003c  00000000  00000000  00001f18  2**2
                  CONTENTS, READONLY
  7 .debug_info   000004e6  00000000  00000000  00001f54  2**0
                  CONTENTS, READONLY, DEBUGGING
  8 .debug_abbrev 000004a3  00000000  00000000  0000243a  2**0
                  CONTENTS, READONLY, DEBUGGING
  9 .debug_line   0000001a  00000000  00000000  000028dd  2**0
                  CONTENTS, READONLY, DEBUGGING
 10 .debug_str    00000196  00000000  00000000  000028f7  2**0
                  CONTENTS, READONLY, DEBUGGING

Disassembly of section .text:

00000000 <__vectors>:
   0:	0c 94 2a 00 	jmp	0x54	; 0x54 <__ctors_end>
   4:	0c 94 47 00 	jmp	0x8e	; 0x8e <__bad_interrupt>
   8:	0c 94 47 00 	jmp	0x8e	; 0x8e <__bad_interrupt>
   c:	0c 94 47 00 	jmp	0x8e	; 0x8e <__bad_interrupt>
  10:	0c 94 47 00 	jmp	0x8e	; 0x8e <__bad_interrupt>
  14:	0c 94 47 00 	jmp	0x8e	; 0x8e <__bad_interrupt>
  18:	0c 94 63 00 	jmp	0xc6	; 0xc6 <__vector_6>
  1c:	0c 94 47 00 	jmp	0x8e	; 0x8e <__bad_interrupt>
  20:	0c 94 47 00 	jmp	0x8e	; 0x8e <__bad_interrupt>
  24:	0c 94 47 00 	jmp	0x8e	; 0x8e <__bad_interrupt>
  28:	0c 94 47 00 	jmp	0x8e	; 0x8e <__bad_interrupt>
  2c:	0c 94 47 00 	jmp	0x8e	; 0x8e <__bad_interrupt>
  30:	0c 94 47 00 	jmp	0x8e	; 0x8e <__bad_interrupt>
  34:	0c 94 47 00 	jmp	0x8e	; 0x8e <__bad_interrupt>
  38:	0c 94 47 00 	jmp	0x8e	; 0x8e <__bad_interrupt>
  3c:	0c 94 47 00 	jmp	0x8e	; 0x8e <__bad_interrupt>
  40:	0c 94 47 00 	jmp	0x8e	; 0x8e <__bad_interrupt>
  44:	0c 94 47 00 	jmp	0x8e	; 0x8e <__bad_interrupt>
  48:	0c 94 47 00 	jmp	0x8e	; 0x8e <__bad_interrupt>
  4c:	0c 94 47 00 	jmp	0x8e	; 0x8e <__bad_interrupt>
  50:	0c 94 47 00 	jmp	0x8e	; 0x8e <__bad_interrupt>

00000054 <__ctors_end>:
  54:	11 24       	eor	r1, r1
  56:	1f be       	out	0x3f, r1	; 63
  58:	cf e5       	ldi	r28, 0x5F	; 95
  5a:	d8 e0       	ldi	r29, 0x08	; 8
  5c:	de bf       	out	0x3e, r29	; 62
  5e:	cd bf       	out	0x3d, r28	; 61

00000060 <__do_copy_data>:
  60:	10 e0       	ldi	r17, 0x00	; 0
  62:	a0 e6       	ldi	r26, 0x60	; 96
  64:	b0 e0       	ldi	r27, 0x00	; 0
  66:	ec e7       	ldi	r30, 0x7C	; 124
  68:	f9 e0       	ldi	r31, 0x09	; 9
  6a:	02 c0       	rjmp	.+4      	; 0x70 <__do_copy_data+0x10>
  6c:	05 90       	lpm	r0, Z+
  6e:	0d 92       	st	X+, r0
  70:	a4 37       	cpi	r26, 0x74	; 116
  72:	b1 07       	cpc	r27, r17
  74:	d9 f7       	brne	.-10     	; 0x6c <__do_copy_data+0xc>

00000076 <__do_clear_bss>:
  76:	20 e0       	ldi	r18, 0x00	; 0
  78:	a4 e7       	ldi	r26, 0x74	; 116
  7a:	b0 e0       	ldi	r27, 0x00	; 0
  7c:	01 c0       	rjmp	.+2      	; 0x80 <.do_clear_bss_start>

0000007e <.do_clear_bss_loop>:
  7e:	1d 92       	st	X+, r1

00000080 <.do_clear_bss_start>:
  80:	a2 38       	cpi	r26, 0x82	; 130
  82:	b2 07       	cpc	r27, r18
  84:	e1 f7       	brne	.-8      	; 0x7e <.do_clear_bss_loop>
  86:	0e 94 ab 00 	call	0x156	; 0x156 <main>
  8a:	0c 94 bc 04 	jmp	0x978	; 0x978 <_exit>

0000008e <__bad_interrupt>:
  8e:	0c 94 00 00 	jmp	0	; 0x0 <__vectors>

00000092 <init>:

volatile unsigned long pulse_duration = 0;

void init() {
    // Set TRIG_PIN as output
    DDRD |= (1 << TRIG_PIN);
  92:	8a 9a       	sbi	0x11, 2	; 17
    // Set ECHO_PIN as input
    DDRD &= ~(1 << ECHO_PIN);
  94:	8b 98       	cbi	0x11, 3	; 17
    
    // Initialize Timer1
    TCCR1B |= (1 << ICES1); // Input capture on rising edge
  96:	8e b5       	in	r24, 0x2e	; 46
  98:	80 64       	ori	r24, 0x40	; 64
  9a:	8e bd       	out	0x2e, r24	; 46
    TCCR1B |= (1 << CS11);  // Prescaler 8
  9c:	8e b5       	in	r24, 0x2e	; 46
  9e:	82 60       	ori	r24, 0x02	; 2
  a0:	8e bd       	out	0x2e, r24	; 46
    TIMSK |= (1 << TICIE1); // Enable input capture interrupt
  a2:	89 b7       	in	r24, 0x39	; 57
  a4:	80 62       	ori	r24, 0x20	; 32
  a6:	89 bf       	out	0x39, r24	; 57
    
    // Initialize UART for serial communication (for debugging)
    // Configure baud rate as needed (e.g., 9600)
    UBRRH = 0;
  a8:	10 bc       	out	0x20, r1	; 32
    UBRRL = 51; // for 9600 baud rate
  aa:	83 e3       	ldi	r24, 0x33	; 51
  ac:	89 b9       	out	0x09, r24	; 9
    
    UCSRB = (1 << RXEN) | (1 << TXEN);   // Enable transmitter and receiver
  ae:	88 e1       	ldi	r24, 0x18	; 24
  b0:	8a b9       	out	0x0a, r24	; 10
    UCSRC = (1 << UCSZ1) | (1 << UCSZ0); // 8-bit data format
  b2:	86 e0       	ldi	r24, 0x06	; 6
  b4:	80 bd       	out	0x20, r24	; 32
  b6:	08 95       	ret

000000b8 <trigger_pulse>:
}

void trigger_pulse() {
    PORTD |= (1 << TRIG_PIN);  // Set TRIG_PIN high
  b8:	92 9a       	sbi	0x12, 2	; 18
	#else
		//round up by default
		__ticks_dc = (uint32_t)(ceil(fabs(__tmp)));
	#endif

	__builtin_avr_delay_cycles(__ticks_dc);
  ba:	8a e1       	ldi	r24, 0x1A	; 26
  bc:	8a 95       	dec	r24
  be:	f1 f7       	brne	.-4      	; 0xbc <trigger_pulse+0x4>
  c0:	00 c0       	rjmp	.+0      	; 0xc2 <trigger_pulse+0xa>
    _delay_us(10);             // Wait for 10 microseconds
    PORTD &= ~(1 << TRIG_PIN); // Set TRIG_PIN low
  c2:	92 98       	cbi	0x12, 2	; 18
  c4:	08 95       	ret

000000c6 <__vector_6>:
  c6:	1f 92       	push	r1
  c8:	0f 92       	push	r0
  ca:	0f b6       	in	r0, 0x3f	; 63
  cc:	0f 92       	push	r0
  ce:	11 24       	eor	r1, r1
  d0:	4f 93       	push	r20
  d2:	5f 93       	push	r21
  d4:	6f 93       	push	r22
  d6:	7f 93       	push	r23
  d8:	8f 93       	push	r24
  da:	9f 93       	push	r25
  dc:	af 93       	push	r26
  de:	bf 93       	push	r27
  e0:	0e b4       	in	r0, 0x2e	; 46
  e2:	06 fc       	sbrc	r0, 6
  e4:	28 c0       	rjmp	.+80     	; 0x136 <__vector_6+0x70>
  e6:	86 b5       	in	r24, 0x26	; 38
  e8:	97 b5       	in	r25, 0x27	; 39
  ea:	a0 e0       	ldi	r26, 0x00	; 0
  ec:	b0 e0       	ldi	r27, 0x00	; 0
  ee:	40 91 78 00 	lds	r20, 0x0078	; 0x800078 <start_time.1746>
  f2:	50 91 79 00 	lds	r21, 0x0079	; 0x800079 <start_time.1746+0x1>
  f6:	60 91 7a 00 	lds	r22, 0x007A	; 0x80007a <start_time.1746+0x2>
  fa:	70 91 7b 00 	lds	r23, 0x007B	; 0x80007b <start_time.1746+0x3>
  fe:	84 1b       	sub	r24, r20
 100:	95 0b       	sbc	r25, r21
 102:	a6 0b       	sbc	r26, r22
 104:	b7 0b       	sbc	r27, r23
 106:	80 93 74 00 	sts	0x0074, r24	; 0x800074 <__data_end>
 10a:	90 93 75 00 	sts	0x0075, r25	; 0x800075 <__data_end+0x1>
 10e:	a0 93 76 00 	sts	0x0076, r26	; 0x800076 <__data_end+0x2>
 112:	b0 93 77 00 	sts	0x0077, r27	; 0x800077 <__data_end+0x3>
 116:	8e b5       	in	r24, 0x2e	; 46
 118:	80 64       	ori	r24, 0x40	; 64
 11a:	8e bd       	out	0x2e, r24	; 46
 11c:	bf 91       	pop	r27
 11e:	af 91       	pop	r26
 120:	9f 91       	pop	r25
 122:	8f 91       	pop	r24
 124:	7f 91       	pop	r23
 126:	6f 91       	pop	r22
 128:	5f 91       	pop	r21
 12a:	4f 91       	pop	r20
 12c:	0f 90       	pop	r0
 12e:	0f be       	out	0x3f, r0	; 63
 130:	0f 90       	pop	r0
 132:	1f 90       	pop	r1
 134:	18 95       	reti
 136:	86 b5       	in	r24, 0x26	; 38
 138:	97 b5       	in	r25, 0x27	; 39
 13a:	a0 e0       	ldi	r26, 0x00	; 0
 13c:	b0 e0       	ldi	r27, 0x00	; 0
 13e:	80 93 78 00 	sts	0x0078, r24	; 0x800078 <start_time.1746>
 142:	90 93 79 00 	sts	0x0079, r25	; 0x800079 <start_time.1746+0x1>
 146:	a0 93 7a 00 	sts	0x007A, r26	; 0x80007a <start_time.1746+0x2>
 14a:	b0 93 7b 00 	sts	0x007B, r27	; 0x80007b <start_time.1746+0x3>
 14e:	8e b5       	in	r24, 0x2e	; 46
 150:	8f 7b       	andi	r24, 0xBF	; 191
 152:	8e bd       	out	0x2e, r24	; 46
 154:	e3 cf       	rjmp	.-58     	; 0x11c <__vector_6+0x56>

00000156 <main>:
}

int main() {
    init();
 156:	0e 94 49 00 	call	0x92	; 0x92 <init>
    sei(); // Enable global interrupts
 15a:	78 94       	sei
        
        // Calculate distance in centimeters
        float distance_cm = pulse_duration / 58.0;
        
        // Send distance data over UART (for debugging)
        printf("Distance: %.2f cm\n", distance_cm);
 15c:	c0 e6       	ldi	r28, 0x60	; 96
 15e:	d0 e0       	ldi	r29, 0x00	; 0
    UCSRB = (1 << RXEN) | (1 << TXEN);   // Enable transmitter and receiver
    UCSRC = (1 << UCSZ1) | (1 << UCSZ0); // 8-bit data format
}

void trigger_pulse() {
    PORTD |= (1 << TRIG_PIN);  // Set TRIG_PIN high
 160:	92 9a       	sbi	0x12, 2	; 18
 162:	2a e1       	ldi	r18, 0x1A	; 26
 164:	2a 95       	dec	r18
 166:	f1 f7       	brne	.-4      	; 0x164 <main+0xe>
 168:	00 c0       	rjmp	.+0      	; 0x16a <main+0x14>
    _delay_us(10);             // Wait for 10 microseconds
    PORTD &= ~(1 << TRIG_PIN); // Set TRIG_PIN low
 16a:	92 98       	cbi	0x12, 2	; 18
	#else
		//round up by default
		__ticks_dc = (uint32_t)(ceil(fabs(__tmp)));
	#endif

	__builtin_avr_delay_cycles(__ticks_dc);
 16c:	8f ef       	ldi	r24, 0xFF	; 255
 16e:	90 e7       	ldi	r25, 0x70	; 112
 170:	22 e0       	ldi	r18, 0x02	; 2
 172:	81 50       	subi	r24, 0x01	; 1
 174:	90 40       	sbci	r25, 0x00	; 0
 176:	20 40       	sbci	r18, 0x00	; 0
 178:	e1 f7       	brne	.-8      	; 0x172 <main+0x1c>
 17a:	00 c0       	rjmp	.+0      	; 0x17c <main+0x26>
 17c:	00 00       	nop
    while (1) {
        trigger_pulse();
        _delay_ms(100); // Wait for 100 milliseconds
        
        // Calculate distance in centimeters
        float distance_cm = pulse_duration / 58.0;
 17e:	60 91 74 00 	lds	r22, 0x0074	; 0x800074 <__data_end>
 182:	70 91 75 00 	lds	r23, 0x0075	; 0x800075 <__data_end+0x1>
 186:	80 91 76 00 	lds	r24, 0x0076	; 0x800076 <__data_end+0x2>
 18a:	90 91 77 00 	lds	r25, 0x0077	; 0x800077 <__data_end+0x3>
        
        // Send distance data over UART (for debugging)
        printf("Distance: %.2f cm\n", distance_cm);
 18e:	0e 94 50 01 	call	0x2a0	; 0x2a0 <__floatunsisf>
 192:	20 e0       	ldi	r18, 0x00	; 0
 194:	30 e0       	ldi	r19, 0x00	; 0
 196:	48 e6       	ldi	r20, 0x68	; 104
 198:	52 e4       	ldi	r21, 0x42	; 66
 19a:	0e 94 de 00 	call	0x1bc	; 0x1bc <__divsf3>
 19e:	9f 93       	push	r25
 1a0:	8f 93       	push	r24
 1a2:	7f 93       	push	r23
 1a4:	6f 93       	push	r22
 1a6:	df 93       	push	r29
 1a8:	cf 93       	push	r28
 1aa:	0e 94 de 01 	call	0x3bc	; 0x3bc <printf>
 1ae:	0f 90       	pop	r0
 1b0:	0f 90       	pop	r0
 1b2:	0f 90       	pop	r0
 1b4:	0f 90       	pop	r0
 1b6:	0f 90       	pop	r0
 1b8:	0f 90       	pop	r0
 1ba:	d2 cf       	rjmp	.-92     	; 0x160 <main+0xa>

000001bc <__divsf3>:
 1bc:	0e 94 f2 00 	call	0x1e4	; 0x1e4 <__divsf3x>
 1c0:	0c 94 a4 01 	jmp	0x348	; 0x348 <__fp_round>
 1c4:	0e 94 9d 01 	call	0x33a	; 0x33a <__fp_pscB>
 1c8:	58 f0       	brcs	.+22     	; 0x1e0 <__divsf3+0x24>
 1ca:	0e 94 96 01 	call	0x32c	; 0x32c <__fp_pscA>
 1ce:	40 f0       	brcs	.+16     	; 0x1e0 <__divsf3+0x24>
 1d0:	29 f4       	brne	.+10     	; 0x1dc <__divsf3+0x20>
 1d2:	5f 3f       	cpi	r21, 0xFF	; 255
 1d4:	29 f0       	breq	.+10     	; 0x1e0 <__divsf3+0x24>
 1d6:	0c 94 8d 01 	jmp	0x31a	; 0x31a <__fp_inf>
 1da:	51 11       	cpse	r21, r1
 1dc:	0c 94 d8 01 	jmp	0x3b0	; 0x3b0 <__fp_szero>
 1e0:	0c 94 93 01 	jmp	0x326	; 0x326 <__fp_nan>

000001e4 <__divsf3x>:
 1e4:	0e 94 b5 01 	call	0x36a	; 0x36a <__fp_split3>
 1e8:	68 f3       	brcs	.-38     	; 0x1c4 <__divsf3+0x8>

000001ea <__divsf3_pse>:
 1ea:	99 23       	and	r25, r25
 1ec:	b1 f3       	breq	.-20     	; 0x1da <__divsf3+0x1e>
 1ee:	55 23       	and	r21, r21
 1f0:	91 f3       	breq	.-28     	; 0x1d6 <__divsf3+0x1a>
 1f2:	95 1b       	sub	r25, r21
 1f4:	55 0b       	sbc	r21, r21
 1f6:	bb 27       	eor	r27, r27
 1f8:	aa 27       	eor	r26, r26
 1fa:	62 17       	cp	r22, r18
 1fc:	73 07       	cpc	r23, r19
 1fe:	84 07       	cpc	r24, r20
 200:	38 f0       	brcs	.+14     	; 0x210 <__divsf3_pse+0x26>
 202:	9f 5f       	subi	r25, 0xFF	; 255
 204:	5f 4f       	sbci	r21, 0xFF	; 255
 206:	22 0f       	add	r18, r18
 208:	33 1f       	adc	r19, r19
 20a:	44 1f       	adc	r20, r20
 20c:	aa 1f       	adc	r26, r26
 20e:	a9 f3       	breq	.-22     	; 0x1fa <__divsf3_pse+0x10>
 210:	35 d0       	rcall	.+106    	; 0x27c <__divsf3_pse+0x92>
 212:	0e 2e       	mov	r0, r30
 214:	3a f0       	brmi	.+14     	; 0x224 <__divsf3_pse+0x3a>
 216:	e0 e8       	ldi	r30, 0x80	; 128
 218:	32 d0       	rcall	.+100    	; 0x27e <__divsf3_pse+0x94>
 21a:	91 50       	subi	r25, 0x01	; 1
 21c:	50 40       	sbci	r21, 0x00	; 0
 21e:	e6 95       	lsr	r30
 220:	00 1c       	adc	r0, r0
 222:	ca f7       	brpl	.-14     	; 0x216 <__divsf3_pse+0x2c>
 224:	2b d0       	rcall	.+86     	; 0x27c <__divsf3_pse+0x92>
 226:	fe 2f       	mov	r31, r30
 228:	29 d0       	rcall	.+82     	; 0x27c <__divsf3_pse+0x92>
 22a:	66 0f       	add	r22, r22
 22c:	77 1f       	adc	r23, r23
 22e:	88 1f       	adc	r24, r24
 230:	bb 1f       	adc	r27, r27
 232:	26 17       	cp	r18, r22
 234:	37 07       	cpc	r19, r23
 236:	48 07       	cpc	r20, r24
 238:	ab 07       	cpc	r26, r27
 23a:	b0 e8       	ldi	r27, 0x80	; 128
 23c:	09 f0       	breq	.+2      	; 0x240 <__divsf3_pse+0x56>
 23e:	bb 0b       	sbc	r27, r27
 240:	80 2d       	mov	r24, r0
 242:	bf 01       	movw	r22, r30
 244:	ff 27       	eor	r31, r31
 246:	93 58       	subi	r25, 0x83	; 131
 248:	5f 4f       	sbci	r21, 0xFF	; 255
 24a:	3a f0       	brmi	.+14     	; 0x25a <__divsf3_pse+0x70>
 24c:	9e 3f       	cpi	r25, 0xFE	; 254
 24e:	51 05       	cpc	r21, r1
 250:	78 f0       	brcs	.+30     	; 0x270 <__divsf3_pse+0x86>
 252:	0c 94 8d 01 	jmp	0x31a	; 0x31a <__fp_inf>
 256:	0c 94 d8 01 	jmp	0x3b0	; 0x3b0 <__fp_szero>
 25a:	5f 3f       	cpi	r21, 0xFF	; 255
 25c:	e4 f3       	brlt	.-8      	; 0x256 <__divsf3_pse+0x6c>
 25e:	98 3e       	cpi	r25, 0xE8	; 232
 260:	d4 f3       	brlt	.-12     	; 0x256 <__divsf3_pse+0x6c>
 262:	86 95       	lsr	r24
 264:	77 95       	ror	r23
 266:	67 95       	ror	r22
 268:	b7 95       	ror	r27
 26a:	f7 95       	ror	r31
 26c:	9f 5f       	subi	r25, 0xFF	; 255
 26e:	c9 f7       	brne	.-14     	; 0x262 <__divsf3_pse+0x78>
 270:	88 0f       	add	r24, r24
 272:	91 1d       	adc	r25, r1
 274:	96 95       	lsr	r25
 276:	87 95       	ror	r24
 278:	97 f9       	bld	r25, 7
 27a:	08 95       	ret
 27c:	e1 e0       	ldi	r30, 0x01	; 1
 27e:	66 0f       	add	r22, r22
 280:	77 1f       	adc	r23, r23
 282:	88 1f       	adc	r24, r24
 284:	bb 1f       	adc	r27, r27
 286:	62 17       	cp	r22, r18
 288:	73 07       	cpc	r23, r19
 28a:	84 07       	cpc	r24, r20
 28c:	ba 07       	cpc	r27, r26
 28e:	20 f0       	brcs	.+8      	; 0x298 <__divsf3_pse+0xae>
 290:	62 1b       	sub	r22, r18
 292:	73 0b       	sbc	r23, r19
 294:	84 0b       	sbc	r24, r20
 296:	ba 0b       	sbc	r27, r26
 298:	ee 1f       	adc	r30, r30
 29a:	88 f7       	brcc	.-30     	; 0x27e <__divsf3_pse+0x94>
 29c:	e0 95       	com	r30
 29e:	08 95       	ret

000002a0 <__floatunsisf>:
 2a0:	e8 94       	clt
 2a2:	09 c0       	rjmp	.+18     	; 0x2b6 <__floatsisf+0x12>

000002a4 <__floatsisf>:
 2a4:	97 fb       	bst	r25, 7
 2a6:	3e f4       	brtc	.+14     	; 0x2b6 <__floatsisf+0x12>
 2a8:	90 95       	com	r25
 2aa:	80 95       	com	r24
 2ac:	70 95       	com	r23
 2ae:	61 95       	neg	r22
 2b0:	7f 4f       	sbci	r23, 0xFF	; 255
 2b2:	8f 4f       	sbci	r24, 0xFF	; 255
 2b4:	9f 4f       	sbci	r25, 0xFF	; 255
 2b6:	99 23       	and	r25, r25
 2b8:	a9 f0       	breq	.+42     	; 0x2e4 <__floatsisf+0x40>
 2ba:	f9 2f       	mov	r31, r25
 2bc:	96 e9       	ldi	r25, 0x96	; 150
 2be:	bb 27       	eor	r27, r27
 2c0:	93 95       	inc	r25
 2c2:	f6 95       	lsr	r31
 2c4:	87 95       	ror	r24
 2c6:	77 95       	ror	r23
 2c8:	67 95       	ror	r22
 2ca:	b7 95       	ror	r27
 2cc:	f1 11       	cpse	r31, r1
 2ce:	f8 cf       	rjmp	.-16     	; 0x2c0 <__floatsisf+0x1c>
 2d0:	fa f4       	brpl	.+62     	; 0x310 <__floatsisf+0x6c>
 2d2:	bb 0f       	add	r27, r27
 2d4:	11 f4       	brne	.+4      	; 0x2da <__floatsisf+0x36>
 2d6:	60 ff       	sbrs	r22, 0
 2d8:	1b c0       	rjmp	.+54     	; 0x310 <__floatsisf+0x6c>
 2da:	6f 5f       	subi	r22, 0xFF	; 255
 2dc:	7f 4f       	sbci	r23, 0xFF	; 255
 2de:	8f 4f       	sbci	r24, 0xFF	; 255
 2e0:	9f 4f       	sbci	r25, 0xFF	; 255
 2e2:	16 c0       	rjmp	.+44     	; 0x310 <__floatsisf+0x6c>
 2e4:	88 23       	and	r24, r24
 2e6:	11 f0       	breq	.+4      	; 0x2ec <__floatsisf+0x48>
 2e8:	96 e9       	ldi	r25, 0x96	; 150
 2ea:	11 c0       	rjmp	.+34     	; 0x30e <__floatsisf+0x6a>
 2ec:	77 23       	and	r23, r23
 2ee:	21 f0       	breq	.+8      	; 0x2f8 <__floatsisf+0x54>
 2f0:	9e e8       	ldi	r25, 0x8E	; 142
 2f2:	87 2f       	mov	r24, r23
 2f4:	76 2f       	mov	r23, r22
 2f6:	05 c0       	rjmp	.+10     	; 0x302 <__floatsisf+0x5e>
 2f8:	66 23       	and	r22, r22
 2fa:	71 f0       	breq	.+28     	; 0x318 <__floatsisf+0x74>
 2fc:	96 e8       	ldi	r25, 0x86	; 134
 2fe:	86 2f       	mov	r24, r22
 300:	70 e0       	ldi	r23, 0x00	; 0
 302:	60 e0       	ldi	r22, 0x00	; 0
 304:	2a f0       	brmi	.+10     	; 0x310 <__floatsisf+0x6c>
 306:	9a 95       	dec	r25
 308:	66 0f       	add	r22, r22
 30a:	77 1f       	adc	r23, r23
 30c:	88 1f       	adc	r24, r24
 30e:	da f7       	brpl	.-10     	; 0x306 <__floatsisf+0x62>
 310:	88 0f       	add	r24, r24
 312:	96 95       	lsr	r25
 314:	87 95       	ror	r24
 316:	97 f9       	bld	r25, 7
 318:	08 95       	ret

0000031a <__fp_inf>:
 31a:	97 f9       	bld	r25, 7
 31c:	9f 67       	ori	r25, 0x7F	; 127
 31e:	80 e8       	ldi	r24, 0x80	; 128
 320:	70 e0       	ldi	r23, 0x00	; 0
 322:	60 e0       	ldi	r22, 0x00	; 0
 324:	08 95       	ret

00000326 <__fp_nan>:
 326:	9f ef       	ldi	r25, 0xFF	; 255
 328:	80 ec       	ldi	r24, 0xC0	; 192
 32a:	08 95       	ret

0000032c <__fp_pscA>:
 32c:	00 24       	eor	r0, r0
 32e:	0a 94       	dec	r0
 330:	16 16       	cp	r1, r22
 332:	17 06       	cpc	r1, r23
 334:	18 06       	cpc	r1, r24
 336:	09 06       	cpc	r0, r25
 338:	08 95       	ret

0000033a <__fp_pscB>:
 33a:	00 24       	eor	r0, r0
 33c:	0a 94       	dec	r0
 33e:	12 16       	cp	r1, r18
 340:	13 06       	cpc	r1, r19
 342:	14 06       	cpc	r1, r20
 344:	05 06       	cpc	r0, r21
 346:	08 95       	ret

00000348 <__fp_round>:
 348:	09 2e       	mov	r0, r25
 34a:	03 94       	inc	r0
 34c:	00 0c       	add	r0, r0
 34e:	11 f4       	brne	.+4      	; 0x354 <__fp_round+0xc>
 350:	88 23       	and	r24, r24
 352:	52 f0       	brmi	.+20     	; 0x368 <__fp_round+0x20>
 354:	bb 0f       	add	r27, r27
 356:	40 f4       	brcc	.+16     	; 0x368 <__fp_round+0x20>
 358:	bf 2b       	or	r27, r31
 35a:	11 f4       	brne	.+4      	; 0x360 <__fp_round+0x18>
 35c:	60 ff       	sbrs	r22, 0
 35e:	04 c0       	rjmp	.+8      	; 0x368 <__fp_round+0x20>
 360:	6f 5f       	subi	r22, 0xFF	; 255
 362:	7f 4f       	sbci	r23, 0xFF	; 255
 364:	8f 4f       	sbci	r24, 0xFF	; 255
 366:	9f 4f       	sbci	r25, 0xFF	; 255
 368:	08 95       	ret

0000036a <__fp_split3>:
 36a:	57 fd       	sbrc	r21, 7
 36c:	90 58       	subi	r25, 0x80	; 128
 36e:	44 0f       	add	r20, r20
 370:	55 1f       	adc	r21, r21
 372:	59 f0       	breq	.+22     	; 0x38a <__fp_splitA+0x10>
 374:	5f 3f       	cpi	r21, 0xFF	; 255
 376:	71 f0       	breq	.+28     	; 0x394 <__fp_splitA+0x1a>
 378:	47 95       	ror	r20

0000037a <__fp_splitA>:
 37a:	88 0f       	add	r24, r24
 37c:	97 fb       	bst	r25, 7
 37e:	99 1f       	adc	r25, r25
 380:	61 f0       	breq	.+24     	; 0x39a <__fp_splitA+0x20>
 382:	9f 3f       	cpi	r25, 0xFF	; 255
 384:	79 f0       	breq	.+30     	; 0x3a4 <__fp_splitA+0x2a>
 386:	87 95       	ror	r24
 388:	08 95       	ret
 38a:	12 16       	cp	r1, r18
 38c:	13 06       	cpc	r1, r19
 38e:	14 06       	cpc	r1, r20
 390:	55 1f       	adc	r21, r21
 392:	f2 cf       	rjmp	.-28     	; 0x378 <__fp_split3+0xe>
 394:	46 95       	lsr	r20
 396:	f1 df       	rcall	.-30     	; 0x37a <__fp_splitA>
 398:	08 c0       	rjmp	.+16     	; 0x3aa <__fp_splitA+0x30>
 39a:	16 16       	cp	r1, r22
 39c:	17 06       	cpc	r1, r23
 39e:	18 06       	cpc	r1, r24
 3a0:	99 1f       	adc	r25, r25
 3a2:	f1 cf       	rjmp	.-30     	; 0x386 <__fp_splitA+0xc>
 3a4:	86 95       	lsr	r24
 3a6:	71 05       	cpc	r23, r1
 3a8:	61 05       	cpc	r22, r1
 3aa:	08 94       	sec
 3ac:	08 95       	ret

000003ae <__fp_zero>:
 3ae:	e8 94       	clt

000003b0 <__fp_szero>:
 3b0:	bb 27       	eor	r27, r27
 3b2:	66 27       	eor	r22, r22
 3b4:	77 27       	eor	r23, r23
 3b6:	cb 01       	movw	r24, r22
 3b8:	97 f9       	bld	r25, 7
 3ba:	08 95       	ret

000003bc <printf>:
 3bc:	a0 e0       	ldi	r26, 0x00	; 0
 3be:	b0 e0       	ldi	r27, 0x00	; 0
 3c0:	e4 ee       	ldi	r30, 0xE4	; 228
 3c2:	f1 e0       	ldi	r31, 0x01	; 1
 3c4:	0c 94 95 04 	jmp	0x92a	; 0x92a <__prologue_saves__+0x20>
 3c8:	ae 01       	movw	r20, r28
 3ca:	4b 5f       	subi	r20, 0xFB	; 251
 3cc:	5f 4f       	sbci	r21, 0xFF	; 255
 3ce:	fa 01       	movw	r30, r20
 3d0:	61 91       	ld	r22, Z+
 3d2:	71 91       	ld	r23, Z+
 3d4:	af 01       	movw	r20, r30
 3d6:	80 91 7e 00 	lds	r24, 0x007E	; 0x80007e <__iob+0x2>
 3da:	90 91 7f 00 	lds	r25, 0x007F	; 0x80007f <__iob+0x3>
 3de:	0e 94 f4 01 	call	0x3e8	; 0x3e8 <vfprintf>
 3e2:	e2 e0       	ldi	r30, 0x02	; 2
 3e4:	0c 94 b1 04 	jmp	0x962	; 0x962 <__epilogue_restores__+0x20>

000003e8 <vfprintf>:
 3e8:	ab e0       	ldi	r26, 0x0B	; 11
 3ea:	b0 e0       	ldi	r27, 0x00	; 0
 3ec:	ea ef       	ldi	r30, 0xFA	; 250
 3ee:	f1 e0       	ldi	r31, 0x01	; 1
 3f0:	0c 94 85 04 	jmp	0x90a	; 0x90a <__prologue_saves__>
 3f4:	6c 01       	movw	r12, r24
 3f6:	7b 01       	movw	r14, r22
 3f8:	8a 01       	movw	r16, r20
 3fa:	fc 01       	movw	r30, r24
 3fc:	17 82       	std	Z+7, r1	; 0x07
 3fe:	16 82       	std	Z+6, r1	; 0x06
 400:	83 81       	ldd	r24, Z+3	; 0x03
 402:	81 ff       	sbrs	r24, 1
 404:	cc c1       	rjmp	.+920    	; 0x79e <__EEPROM_REGION_LENGTH__+0x39e>
 406:	ce 01       	movw	r24, r28
 408:	01 96       	adiw	r24, 0x01	; 1
 40a:	3c 01       	movw	r6, r24
 40c:	f6 01       	movw	r30, r12
 40e:	93 81       	ldd	r25, Z+3	; 0x03
 410:	f7 01       	movw	r30, r14
 412:	93 fd       	sbrc	r25, 3
 414:	85 91       	lpm	r24, Z+
 416:	93 ff       	sbrs	r25, 3
 418:	81 91       	ld	r24, Z+
 41a:	7f 01       	movw	r14, r30
 41c:	88 23       	and	r24, r24
 41e:	09 f4       	brne	.+2      	; 0x422 <__EEPROM_REGION_LENGTH__+0x22>
 420:	ba c1       	rjmp	.+884    	; 0x796 <__EEPROM_REGION_LENGTH__+0x396>
 422:	85 32       	cpi	r24, 0x25	; 37
 424:	39 f4       	brne	.+14     	; 0x434 <__EEPROM_REGION_LENGTH__+0x34>
 426:	93 fd       	sbrc	r25, 3
 428:	85 91       	lpm	r24, Z+
 42a:	93 ff       	sbrs	r25, 3
 42c:	81 91       	ld	r24, Z+
 42e:	7f 01       	movw	r14, r30
 430:	85 32       	cpi	r24, 0x25	; 37
 432:	29 f4       	brne	.+10     	; 0x43e <__EEPROM_REGION_LENGTH__+0x3e>
 434:	b6 01       	movw	r22, r12
 436:	90 e0       	ldi	r25, 0x00	; 0
 438:	0e 94 eb 03 	call	0x7d6	; 0x7d6 <fputc>
 43c:	e7 cf       	rjmp	.-50     	; 0x40c <__EEPROM_REGION_LENGTH__+0xc>
 43e:	91 2c       	mov	r9, r1
 440:	21 2c       	mov	r2, r1
 442:	31 2c       	mov	r3, r1
 444:	ff e1       	ldi	r31, 0x1F	; 31
 446:	f3 15       	cp	r31, r3
 448:	d8 f0       	brcs	.+54     	; 0x480 <__EEPROM_REGION_LENGTH__+0x80>
 44a:	8b 32       	cpi	r24, 0x2B	; 43
 44c:	79 f0       	breq	.+30     	; 0x46c <__EEPROM_REGION_LENGTH__+0x6c>
 44e:	38 f4       	brcc	.+14     	; 0x45e <__EEPROM_REGION_LENGTH__+0x5e>
 450:	80 32       	cpi	r24, 0x20	; 32
 452:	79 f0       	breq	.+30     	; 0x472 <__EEPROM_REGION_LENGTH__+0x72>
 454:	83 32       	cpi	r24, 0x23	; 35
 456:	a1 f4       	brne	.+40     	; 0x480 <__EEPROM_REGION_LENGTH__+0x80>
 458:	23 2d       	mov	r18, r3
 45a:	20 61       	ori	r18, 0x10	; 16
 45c:	1d c0       	rjmp	.+58     	; 0x498 <__EEPROM_REGION_LENGTH__+0x98>
 45e:	8d 32       	cpi	r24, 0x2D	; 45
 460:	61 f0       	breq	.+24     	; 0x47a <__EEPROM_REGION_LENGTH__+0x7a>
 462:	80 33       	cpi	r24, 0x30	; 48
 464:	69 f4       	brne	.+26     	; 0x480 <__EEPROM_REGION_LENGTH__+0x80>
 466:	23 2d       	mov	r18, r3
 468:	21 60       	ori	r18, 0x01	; 1
 46a:	16 c0       	rjmp	.+44     	; 0x498 <__EEPROM_REGION_LENGTH__+0x98>
 46c:	83 2d       	mov	r24, r3
 46e:	82 60       	ori	r24, 0x02	; 2
 470:	38 2e       	mov	r3, r24
 472:	e3 2d       	mov	r30, r3
 474:	e4 60       	ori	r30, 0x04	; 4
 476:	3e 2e       	mov	r3, r30
 478:	2a c0       	rjmp	.+84     	; 0x4ce <__EEPROM_REGION_LENGTH__+0xce>
 47a:	f3 2d       	mov	r31, r3
 47c:	f8 60       	ori	r31, 0x08	; 8
 47e:	1d c0       	rjmp	.+58     	; 0x4ba <__EEPROM_REGION_LENGTH__+0xba>
 480:	37 fc       	sbrc	r3, 7
 482:	2d c0       	rjmp	.+90     	; 0x4de <__EEPROM_REGION_LENGTH__+0xde>
 484:	20 ed       	ldi	r18, 0xD0	; 208
 486:	28 0f       	add	r18, r24
 488:	2a 30       	cpi	r18, 0x0A	; 10
 48a:	40 f0       	brcs	.+16     	; 0x49c <__EEPROM_REGION_LENGTH__+0x9c>
 48c:	8e 32       	cpi	r24, 0x2E	; 46
 48e:	b9 f4       	brne	.+46     	; 0x4be <__EEPROM_REGION_LENGTH__+0xbe>
 490:	36 fc       	sbrc	r3, 6
 492:	81 c1       	rjmp	.+770    	; 0x796 <__EEPROM_REGION_LENGTH__+0x396>
 494:	23 2d       	mov	r18, r3
 496:	20 64       	ori	r18, 0x40	; 64
 498:	32 2e       	mov	r3, r18
 49a:	19 c0       	rjmp	.+50     	; 0x4ce <__EEPROM_REGION_LENGTH__+0xce>
 49c:	36 fe       	sbrs	r3, 6
 49e:	06 c0       	rjmp	.+12     	; 0x4ac <__EEPROM_REGION_LENGTH__+0xac>
 4a0:	8a e0       	ldi	r24, 0x0A	; 10
 4a2:	98 9e       	mul	r9, r24
 4a4:	20 0d       	add	r18, r0
 4a6:	11 24       	eor	r1, r1
 4a8:	92 2e       	mov	r9, r18
 4aa:	11 c0       	rjmp	.+34     	; 0x4ce <__EEPROM_REGION_LENGTH__+0xce>
 4ac:	ea e0       	ldi	r30, 0x0A	; 10
 4ae:	2e 9e       	mul	r2, r30
 4b0:	20 0d       	add	r18, r0
 4b2:	11 24       	eor	r1, r1
 4b4:	22 2e       	mov	r2, r18
 4b6:	f3 2d       	mov	r31, r3
 4b8:	f0 62       	ori	r31, 0x20	; 32
 4ba:	3f 2e       	mov	r3, r31
 4bc:	08 c0       	rjmp	.+16     	; 0x4ce <__EEPROM_REGION_LENGTH__+0xce>
 4be:	8c 36       	cpi	r24, 0x6C	; 108
 4c0:	21 f4       	brne	.+8      	; 0x4ca <__EEPROM_REGION_LENGTH__+0xca>
 4c2:	83 2d       	mov	r24, r3
 4c4:	80 68       	ori	r24, 0x80	; 128
 4c6:	38 2e       	mov	r3, r24
 4c8:	02 c0       	rjmp	.+4      	; 0x4ce <__EEPROM_REGION_LENGTH__+0xce>
 4ca:	88 36       	cpi	r24, 0x68	; 104
 4cc:	41 f4       	brne	.+16     	; 0x4de <__EEPROM_REGION_LENGTH__+0xde>
 4ce:	f7 01       	movw	r30, r14
 4d0:	93 fd       	sbrc	r25, 3
 4d2:	85 91       	lpm	r24, Z+
 4d4:	93 ff       	sbrs	r25, 3
 4d6:	81 91       	ld	r24, Z+
 4d8:	7f 01       	movw	r14, r30
 4da:	81 11       	cpse	r24, r1
 4dc:	b3 cf       	rjmp	.-154    	; 0x444 <__EEPROM_REGION_LENGTH__+0x44>
 4de:	98 2f       	mov	r25, r24
 4e0:	9f 7d       	andi	r25, 0xDF	; 223
 4e2:	95 54       	subi	r25, 0x45	; 69
 4e4:	93 30       	cpi	r25, 0x03	; 3
 4e6:	28 f4       	brcc	.+10     	; 0x4f2 <__EEPROM_REGION_LENGTH__+0xf2>
 4e8:	0c 5f       	subi	r16, 0xFC	; 252
 4ea:	1f 4f       	sbci	r17, 0xFF	; 255
 4ec:	9f e3       	ldi	r25, 0x3F	; 63
 4ee:	99 83       	std	Y+1, r25	; 0x01
 4f0:	0d c0       	rjmp	.+26     	; 0x50c <__EEPROM_REGION_LENGTH__+0x10c>
 4f2:	83 36       	cpi	r24, 0x63	; 99
 4f4:	31 f0       	breq	.+12     	; 0x502 <__EEPROM_REGION_LENGTH__+0x102>
 4f6:	83 37       	cpi	r24, 0x73	; 115
 4f8:	71 f0       	breq	.+28     	; 0x516 <__EEPROM_REGION_LENGTH__+0x116>
 4fa:	83 35       	cpi	r24, 0x53	; 83
 4fc:	09 f0       	breq	.+2      	; 0x500 <__EEPROM_REGION_LENGTH__+0x100>
 4fe:	59 c0       	rjmp	.+178    	; 0x5b2 <__EEPROM_REGION_LENGTH__+0x1b2>
 500:	21 c0       	rjmp	.+66     	; 0x544 <__EEPROM_REGION_LENGTH__+0x144>
 502:	f8 01       	movw	r30, r16
 504:	80 81       	ld	r24, Z
 506:	89 83       	std	Y+1, r24	; 0x01
 508:	0e 5f       	subi	r16, 0xFE	; 254
 50a:	1f 4f       	sbci	r17, 0xFF	; 255
 50c:	88 24       	eor	r8, r8
 50e:	83 94       	inc	r8
 510:	91 2c       	mov	r9, r1
 512:	53 01       	movw	r10, r6
 514:	13 c0       	rjmp	.+38     	; 0x53c <__EEPROM_REGION_LENGTH__+0x13c>
 516:	28 01       	movw	r4, r16
 518:	f2 e0       	ldi	r31, 0x02	; 2
 51a:	4f 0e       	add	r4, r31
 51c:	51 1c       	adc	r5, r1
 51e:	f8 01       	movw	r30, r16
 520:	a0 80       	ld	r10, Z
 522:	b1 80       	ldd	r11, Z+1	; 0x01
 524:	36 fe       	sbrs	r3, 6
 526:	03 c0       	rjmp	.+6      	; 0x52e <__EEPROM_REGION_LENGTH__+0x12e>
 528:	69 2d       	mov	r22, r9
 52a:	70 e0       	ldi	r23, 0x00	; 0
 52c:	02 c0       	rjmp	.+4      	; 0x532 <__EEPROM_REGION_LENGTH__+0x132>
 52e:	6f ef       	ldi	r22, 0xFF	; 255
 530:	7f ef       	ldi	r23, 0xFF	; 255
 532:	c5 01       	movw	r24, r10
 534:	0e 94 e0 03 	call	0x7c0	; 0x7c0 <strnlen>
 538:	4c 01       	movw	r8, r24
 53a:	82 01       	movw	r16, r4
 53c:	f3 2d       	mov	r31, r3
 53e:	ff 77       	andi	r31, 0x7F	; 127
 540:	3f 2e       	mov	r3, r31
 542:	16 c0       	rjmp	.+44     	; 0x570 <__EEPROM_REGION_LENGTH__+0x170>
 544:	28 01       	movw	r4, r16
 546:	22 e0       	ldi	r18, 0x02	; 2
 548:	42 0e       	add	r4, r18
 54a:	51 1c       	adc	r5, r1
 54c:	f8 01       	movw	r30, r16
 54e:	a0 80       	ld	r10, Z
 550:	b1 80       	ldd	r11, Z+1	; 0x01
 552:	36 fe       	sbrs	r3, 6
 554:	03 c0       	rjmp	.+6      	; 0x55c <__EEPROM_REGION_LENGTH__+0x15c>
 556:	69 2d       	mov	r22, r9
 558:	70 e0       	ldi	r23, 0x00	; 0
 55a:	02 c0       	rjmp	.+4      	; 0x560 <__EEPROM_REGION_LENGTH__+0x160>
 55c:	6f ef       	ldi	r22, 0xFF	; 255
 55e:	7f ef       	ldi	r23, 0xFF	; 255
 560:	c5 01       	movw	r24, r10
 562:	0e 94 d5 03 	call	0x7aa	; 0x7aa <strnlen_P>
 566:	4c 01       	movw	r8, r24
 568:	f3 2d       	mov	r31, r3
 56a:	f0 68       	ori	r31, 0x80	; 128
 56c:	3f 2e       	mov	r3, r31
 56e:	82 01       	movw	r16, r4
 570:	33 fc       	sbrc	r3, 3
 572:	1b c0       	rjmp	.+54     	; 0x5aa <__EEPROM_REGION_LENGTH__+0x1aa>
 574:	82 2d       	mov	r24, r2
 576:	90 e0       	ldi	r25, 0x00	; 0
 578:	88 16       	cp	r8, r24
 57a:	99 06       	cpc	r9, r25
 57c:	b0 f4       	brcc	.+44     	; 0x5aa <__EEPROM_REGION_LENGTH__+0x1aa>
 57e:	b6 01       	movw	r22, r12
 580:	80 e2       	ldi	r24, 0x20	; 32
 582:	90 e0       	ldi	r25, 0x00	; 0
 584:	0e 94 eb 03 	call	0x7d6	; 0x7d6 <fputc>
 588:	2a 94       	dec	r2
 58a:	f4 cf       	rjmp	.-24     	; 0x574 <__EEPROM_REGION_LENGTH__+0x174>
 58c:	f5 01       	movw	r30, r10
 58e:	37 fc       	sbrc	r3, 7
 590:	85 91       	lpm	r24, Z+
 592:	37 fe       	sbrs	r3, 7
 594:	81 91       	ld	r24, Z+
 596:	5f 01       	movw	r10, r30
 598:	b6 01       	movw	r22, r12
 59a:	90 e0       	ldi	r25, 0x00	; 0
 59c:	0e 94 eb 03 	call	0x7d6	; 0x7d6 <fputc>
 5a0:	21 10       	cpse	r2, r1
 5a2:	2a 94       	dec	r2
 5a4:	21 e0       	ldi	r18, 0x01	; 1
 5a6:	82 1a       	sub	r8, r18
 5a8:	91 08       	sbc	r9, r1
 5aa:	81 14       	cp	r8, r1
 5ac:	91 04       	cpc	r9, r1
 5ae:	71 f7       	brne	.-36     	; 0x58c <__EEPROM_REGION_LENGTH__+0x18c>
 5b0:	e8 c0       	rjmp	.+464    	; 0x782 <__EEPROM_REGION_LENGTH__+0x382>
 5b2:	84 36       	cpi	r24, 0x64	; 100
 5b4:	11 f0       	breq	.+4      	; 0x5ba <__EEPROM_REGION_LENGTH__+0x1ba>
 5b6:	89 36       	cpi	r24, 0x69	; 105
 5b8:	41 f5       	brne	.+80     	; 0x60a <__EEPROM_REGION_LENGTH__+0x20a>
 5ba:	f8 01       	movw	r30, r16
 5bc:	37 fe       	sbrs	r3, 7
 5be:	07 c0       	rjmp	.+14     	; 0x5ce <__EEPROM_REGION_LENGTH__+0x1ce>
 5c0:	60 81       	ld	r22, Z
 5c2:	71 81       	ldd	r23, Z+1	; 0x01
 5c4:	82 81       	ldd	r24, Z+2	; 0x02
 5c6:	93 81       	ldd	r25, Z+3	; 0x03
 5c8:	0c 5f       	subi	r16, 0xFC	; 252
 5ca:	1f 4f       	sbci	r17, 0xFF	; 255
 5cc:	08 c0       	rjmp	.+16     	; 0x5de <__EEPROM_REGION_LENGTH__+0x1de>
 5ce:	60 81       	ld	r22, Z
 5d0:	71 81       	ldd	r23, Z+1	; 0x01
 5d2:	07 2e       	mov	r0, r23
 5d4:	00 0c       	add	r0, r0
 5d6:	88 0b       	sbc	r24, r24
 5d8:	99 0b       	sbc	r25, r25
 5da:	0e 5f       	subi	r16, 0xFE	; 254
 5dc:	1f 4f       	sbci	r17, 0xFF	; 255
 5de:	f3 2d       	mov	r31, r3
 5e0:	ff 76       	andi	r31, 0x6F	; 111
 5e2:	3f 2e       	mov	r3, r31
 5e4:	97 ff       	sbrs	r25, 7
 5e6:	09 c0       	rjmp	.+18     	; 0x5fa <__EEPROM_REGION_LENGTH__+0x1fa>
 5e8:	90 95       	com	r25
 5ea:	80 95       	com	r24
 5ec:	70 95       	com	r23
 5ee:	61 95       	neg	r22
 5f0:	7f 4f       	sbci	r23, 0xFF	; 255
 5f2:	8f 4f       	sbci	r24, 0xFF	; 255
 5f4:	9f 4f       	sbci	r25, 0xFF	; 255
 5f6:	f0 68       	ori	r31, 0x80	; 128
 5f8:	3f 2e       	mov	r3, r31
 5fa:	2a e0       	ldi	r18, 0x0A	; 10
 5fc:	30 e0       	ldi	r19, 0x00	; 0
 5fe:	a3 01       	movw	r20, r6
 600:	0e 94 27 04 	call	0x84e	; 0x84e <__ultoa_invert>
 604:	88 2e       	mov	r8, r24
 606:	86 18       	sub	r8, r6
 608:	45 c0       	rjmp	.+138    	; 0x694 <__EEPROM_REGION_LENGTH__+0x294>
 60a:	85 37       	cpi	r24, 0x75	; 117
 60c:	31 f4       	brne	.+12     	; 0x61a <__EEPROM_REGION_LENGTH__+0x21a>
 60e:	23 2d       	mov	r18, r3
 610:	2f 7e       	andi	r18, 0xEF	; 239
 612:	b2 2e       	mov	r11, r18
 614:	2a e0       	ldi	r18, 0x0A	; 10
 616:	30 e0       	ldi	r19, 0x00	; 0
 618:	25 c0       	rjmp	.+74     	; 0x664 <__EEPROM_REGION_LENGTH__+0x264>
 61a:	93 2d       	mov	r25, r3
 61c:	99 7f       	andi	r25, 0xF9	; 249
 61e:	b9 2e       	mov	r11, r25
 620:	8f 36       	cpi	r24, 0x6F	; 111
 622:	c1 f0       	breq	.+48     	; 0x654 <__EEPROM_REGION_LENGTH__+0x254>
 624:	18 f4       	brcc	.+6      	; 0x62c <__EEPROM_REGION_LENGTH__+0x22c>
 626:	88 35       	cpi	r24, 0x58	; 88
 628:	79 f0       	breq	.+30     	; 0x648 <__EEPROM_REGION_LENGTH__+0x248>
 62a:	b5 c0       	rjmp	.+362    	; 0x796 <__EEPROM_REGION_LENGTH__+0x396>
 62c:	80 37       	cpi	r24, 0x70	; 112
 62e:	19 f0       	breq	.+6      	; 0x636 <__EEPROM_REGION_LENGTH__+0x236>
 630:	88 37       	cpi	r24, 0x78	; 120
 632:	21 f0       	breq	.+8      	; 0x63c <__EEPROM_REGION_LENGTH__+0x23c>
 634:	b0 c0       	rjmp	.+352    	; 0x796 <__EEPROM_REGION_LENGTH__+0x396>
 636:	e9 2f       	mov	r30, r25
 638:	e0 61       	ori	r30, 0x10	; 16
 63a:	be 2e       	mov	r11, r30
 63c:	b4 fe       	sbrs	r11, 4
 63e:	0d c0       	rjmp	.+26     	; 0x65a <__EEPROM_REGION_LENGTH__+0x25a>
 640:	fb 2d       	mov	r31, r11
 642:	f4 60       	ori	r31, 0x04	; 4
 644:	bf 2e       	mov	r11, r31
 646:	09 c0       	rjmp	.+18     	; 0x65a <__EEPROM_REGION_LENGTH__+0x25a>
 648:	34 fe       	sbrs	r3, 4
 64a:	0a c0       	rjmp	.+20     	; 0x660 <__EEPROM_REGION_LENGTH__+0x260>
 64c:	29 2f       	mov	r18, r25
 64e:	26 60       	ori	r18, 0x06	; 6
 650:	b2 2e       	mov	r11, r18
 652:	06 c0       	rjmp	.+12     	; 0x660 <__EEPROM_REGION_LENGTH__+0x260>
 654:	28 e0       	ldi	r18, 0x08	; 8
 656:	30 e0       	ldi	r19, 0x00	; 0
 658:	05 c0       	rjmp	.+10     	; 0x664 <__EEPROM_REGION_LENGTH__+0x264>
 65a:	20 e1       	ldi	r18, 0x10	; 16
 65c:	30 e0       	ldi	r19, 0x00	; 0
 65e:	02 c0       	rjmp	.+4      	; 0x664 <__EEPROM_REGION_LENGTH__+0x264>
 660:	20 e1       	ldi	r18, 0x10	; 16
 662:	32 e0       	ldi	r19, 0x02	; 2
 664:	f8 01       	movw	r30, r16
 666:	b7 fe       	sbrs	r11, 7
 668:	07 c0       	rjmp	.+14     	; 0x678 <__EEPROM_REGION_LENGTH__+0x278>
 66a:	60 81       	ld	r22, Z
 66c:	71 81       	ldd	r23, Z+1	; 0x01
 66e:	82 81       	ldd	r24, Z+2	; 0x02
 670:	93 81       	ldd	r25, Z+3	; 0x03
 672:	0c 5f       	subi	r16, 0xFC	; 252
 674:	1f 4f       	sbci	r17, 0xFF	; 255
 676:	06 c0       	rjmp	.+12     	; 0x684 <__EEPROM_REGION_LENGTH__+0x284>
 678:	60 81       	ld	r22, Z
 67a:	71 81       	ldd	r23, Z+1	; 0x01
 67c:	80 e0       	ldi	r24, 0x00	; 0
 67e:	90 e0       	ldi	r25, 0x00	; 0
 680:	0e 5f       	subi	r16, 0xFE	; 254
 682:	1f 4f       	sbci	r17, 0xFF	; 255
 684:	a3 01       	movw	r20, r6
 686:	0e 94 27 04 	call	0x84e	; 0x84e <__ultoa_invert>
 68a:	88 2e       	mov	r8, r24
 68c:	86 18       	sub	r8, r6
 68e:	fb 2d       	mov	r31, r11
 690:	ff 77       	andi	r31, 0x7F	; 127
 692:	3f 2e       	mov	r3, r31
 694:	36 fe       	sbrs	r3, 6
 696:	0d c0       	rjmp	.+26     	; 0x6b2 <__EEPROM_REGION_LENGTH__+0x2b2>
 698:	23 2d       	mov	r18, r3
 69a:	2e 7f       	andi	r18, 0xFE	; 254
 69c:	a2 2e       	mov	r10, r18
 69e:	89 14       	cp	r8, r9
 6a0:	58 f4       	brcc	.+22     	; 0x6b8 <__EEPROM_REGION_LENGTH__+0x2b8>
 6a2:	34 fe       	sbrs	r3, 4
 6a4:	0b c0       	rjmp	.+22     	; 0x6bc <__EEPROM_REGION_LENGTH__+0x2bc>
 6a6:	32 fc       	sbrc	r3, 2
 6a8:	09 c0       	rjmp	.+18     	; 0x6bc <__EEPROM_REGION_LENGTH__+0x2bc>
 6aa:	83 2d       	mov	r24, r3
 6ac:	8e 7e       	andi	r24, 0xEE	; 238
 6ae:	a8 2e       	mov	r10, r24
 6b0:	05 c0       	rjmp	.+10     	; 0x6bc <__EEPROM_REGION_LENGTH__+0x2bc>
 6b2:	b8 2c       	mov	r11, r8
 6b4:	a3 2c       	mov	r10, r3
 6b6:	03 c0       	rjmp	.+6      	; 0x6be <__EEPROM_REGION_LENGTH__+0x2be>
 6b8:	b8 2c       	mov	r11, r8
 6ba:	01 c0       	rjmp	.+2      	; 0x6be <__EEPROM_REGION_LENGTH__+0x2be>
 6bc:	b9 2c       	mov	r11, r9
 6be:	a4 fe       	sbrs	r10, 4
 6c0:	0f c0       	rjmp	.+30     	; 0x6e0 <__EEPROM_REGION_LENGTH__+0x2e0>
 6c2:	fe 01       	movw	r30, r28
 6c4:	e8 0d       	add	r30, r8
 6c6:	f1 1d       	adc	r31, r1
 6c8:	80 81       	ld	r24, Z
 6ca:	80 33       	cpi	r24, 0x30	; 48
 6cc:	21 f4       	brne	.+8      	; 0x6d6 <__EEPROM_REGION_LENGTH__+0x2d6>
 6ce:	9a 2d       	mov	r25, r10
 6d0:	99 7e       	andi	r25, 0xE9	; 233
 6d2:	a9 2e       	mov	r10, r25
 6d4:	09 c0       	rjmp	.+18     	; 0x6e8 <__EEPROM_REGION_LENGTH__+0x2e8>
 6d6:	a2 fe       	sbrs	r10, 2
 6d8:	06 c0       	rjmp	.+12     	; 0x6e6 <__EEPROM_REGION_LENGTH__+0x2e6>
 6da:	b3 94       	inc	r11
 6dc:	b3 94       	inc	r11
 6de:	04 c0       	rjmp	.+8      	; 0x6e8 <__EEPROM_REGION_LENGTH__+0x2e8>
 6e0:	8a 2d       	mov	r24, r10
 6e2:	86 78       	andi	r24, 0x86	; 134
 6e4:	09 f0       	breq	.+2      	; 0x6e8 <__EEPROM_REGION_LENGTH__+0x2e8>
 6e6:	b3 94       	inc	r11
 6e8:	a3 fc       	sbrc	r10, 3
 6ea:	11 c0       	rjmp	.+34     	; 0x70e <__EEPROM_REGION_LENGTH__+0x30e>
 6ec:	a0 fe       	sbrs	r10, 0
 6ee:	06 c0       	rjmp	.+12     	; 0x6fc <__EEPROM_REGION_LENGTH__+0x2fc>
 6f0:	b2 14       	cp	r11, r2
 6f2:	88 f4       	brcc	.+34     	; 0x716 <__EEPROM_REGION_LENGTH__+0x316>
 6f4:	28 0c       	add	r2, r8
 6f6:	92 2c       	mov	r9, r2
 6f8:	9b 18       	sub	r9, r11
 6fa:	0e c0       	rjmp	.+28     	; 0x718 <__EEPROM_REGION_LENGTH__+0x318>
 6fc:	b2 14       	cp	r11, r2
 6fe:	60 f4       	brcc	.+24     	; 0x718 <__EEPROM_REGION_LENGTH__+0x318>
 700:	b6 01       	movw	r22, r12
 702:	80 e2       	ldi	r24, 0x20	; 32
 704:	90 e0       	ldi	r25, 0x00	; 0
 706:	0e 94 eb 03 	call	0x7d6	; 0x7d6 <fputc>
 70a:	b3 94       	inc	r11
 70c:	f7 cf       	rjmp	.-18     	; 0x6fc <__EEPROM_REGION_LENGTH__+0x2fc>
 70e:	b2 14       	cp	r11, r2
 710:	18 f4       	brcc	.+6      	; 0x718 <__EEPROM_REGION_LENGTH__+0x318>
 712:	2b 18       	sub	r2, r11
 714:	02 c0       	rjmp	.+4      	; 0x71a <__EEPROM_REGION_LENGTH__+0x31a>
 716:	98 2c       	mov	r9, r8
 718:	21 2c       	mov	r2, r1
 71a:	a4 fe       	sbrs	r10, 4
 71c:	10 c0       	rjmp	.+32     	; 0x73e <__EEPROM_REGION_LENGTH__+0x33e>
 71e:	b6 01       	movw	r22, r12
 720:	80 e3       	ldi	r24, 0x30	; 48
 722:	90 e0       	ldi	r25, 0x00	; 0
 724:	0e 94 eb 03 	call	0x7d6	; 0x7d6 <fputc>
 728:	a2 fe       	sbrs	r10, 2
 72a:	17 c0       	rjmp	.+46     	; 0x75a <__EEPROM_REGION_LENGTH__+0x35a>
 72c:	a1 fc       	sbrc	r10, 1
 72e:	03 c0       	rjmp	.+6      	; 0x736 <__EEPROM_REGION_LENGTH__+0x336>
 730:	88 e7       	ldi	r24, 0x78	; 120
 732:	90 e0       	ldi	r25, 0x00	; 0
 734:	02 c0       	rjmp	.+4      	; 0x73a <__EEPROM_REGION_LENGTH__+0x33a>
 736:	88 e5       	ldi	r24, 0x58	; 88
 738:	90 e0       	ldi	r25, 0x00	; 0
 73a:	b6 01       	movw	r22, r12
 73c:	0c c0       	rjmp	.+24     	; 0x756 <__EEPROM_REGION_LENGTH__+0x356>
 73e:	8a 2d       	mov	r24, r10
 740:	86 78       	andi	r24, 0x86	; 134
 742:	59 f0       	breq	.+22     	; 0x75a <__EEPROM_REGION_LENGTH__+0x35a>
 744:	a1 fe       	sbrs	r10, 1
 746:	02 c0       	rjmp	.+4      	; 0x74c <__EEPROM_REGION_LENGTH__+0x34c>
 748:	8b e2       	ldi	r24, 0x2B	; 43
 74a:	01 c0       	rjmp	.+2      	; 0x74e <__EEPROM_REGION_LENGTH__+0x34e>
 74c:	80 e2       	ldi	r24, 0x20	; 32
 74e:	a7 fc       	sbrc	r10, 7
 750:	8d e2       	ldi	r24, 0x2D	; 45
 752:	b6 01       	movw	r22, r12
 754:	90 e0       	ldi	r25, 0x00	; 0
 756:	0e 94 eb 03 	call	0x7d6	; 0x7d6 <fputc>
 75a:	89 14       	cp	r8, r9
 75c:	38 f4       	brcc	.+14     	; 0x76c <__EEPROM_REGION_LENGTH__+0x36c>
 75e:	b6 01       	movw	r22, r12
 760:	80 e3       	ldi	r24, 0x30	; 48
 762:	90 e0       	ldi	r25, 0x00	; 0
 764:	0e 94 eb 03 	call	0x7d6	; 0x7d6 <fputc>
 768:	9a 94       	dec	r9
 76a:	f7 cf       	rjmp	.-18     	; 0x75a <__EEPROM_REGION_LENGTH__+0x35a>
 76c:	8a 94       	dec	r8
 76e:	f3 01       	movw	r30, r6
 770:	e8 0d       	add	r30, r8
 772:	f1 1d       	adc	r31, r1
 774:	80 81       	ld	r24, Z
 776:	b6 01       	movw	r22, r12
 778:	90 e0       	ldi	r25, 0x00	; 0
 77a:	0e 94 eb 03 	call	0x7d6	; 0x7d6 <fputc>
 77e:	81 10       	cpse	r8, r1
 780:	f5 cf       	rjmp	.-22     	; 0x76c <__EEPROM_REGION_LENGTH__+0x36c>
 782:	22 20       	and	r2, r2
 784:	09 f4       	brne	.+2      	; 0x788 <__EEPROM_REGION_LENGTH__+0x388>
 786:	42 ce       	rjmp	.-892    	; 0x40c <__EEPROM_REGION_LENGTH__+0xc>
 788:	b6 01       	movw	r22, r12
 78a:	80 e2       	ldi	r24, 0x20	; 32
 78c:	90 e0       	ldi	r25, 0x00	; 0
 78e:	0e 94 eb 03 	call	0x7d6	; 0x7d6 <fputc>
 792:	2a 94       	dec	r2
 794:	f6 cf       	rjmp	.-20     	; 0x782 <__EEPROM_REGION_LENGTH__+0x382>
 796:	f6 01       	movw	r30, r12
 798:	86 81       	ldd	r24, Z+6	; 0x06
 79a:	97 81       	ldd	r25, Z+7	; 0x07
 79c:	02 c0       	rjmp	.+4      	; 0x7a2 <__EEPROM_REGION_LENGTH__+0x3a2>
 79e:	8f ef       	ldi	r24, 0xFF	; 255
 7a0:	9f ef       	ldi	r25, 0xFF	; 255
 7a2:	2b 96       	adiw	r28, 0x0b	; 11
 7a4:	e2 e1       	ldi	r30, 0x12	; 18
 7a6:	0c 94 a1 04 	jmp	0x942	; 0x942 <__epilogue_restores__>

000007aa <strnlen_P>:
 7aa:	fc 01       	movw	r30, r24
 7ac:	05 90       	lpm	r0, Z+
 7ae:	61 50       	subi	r22, 0x01	; 1
 7b0:	70 40       	sbci	r23, 0x00	; 0
 7b2:	01 10       	cpse	r0, r1
 7b4:	d8 f7       	brcc	.-10     	; 0x7ac <strnlen_P+0x2>
 7b6:	80 95       	com	r24
 7b8:	90 95       	com	r25
 7ba:	8e 0f       	add	r24, r30
 7bc:	9f 1f       	adc	r25, r31
 7be:	08 95       	ret

000007c0 <strnlen>:
 7c0:	fc 01       	movw	r30, r24
 7c2:	61 50       	subi	r22, 0x01	; 1
 7c4:	70 40       	sbci	r23, 0x00	; 0
 7c6:	01 90       	ld	r0, Z+
 7c8:	01 10       	cpse	r0, r1
 7ca:	d8 f7       	brcc	.-10     	; 0x7c2 <strnlen+0x2>
 7cc:	80 95       	com	r24
 7ce:	90 95       	com	r25
 7d0:	8e 0f       	add	r24, r30
 7d2:	9f 1f       	adc	r25, r31
 7d4:	08 95       	ret

000007d6 <fputc>:
 7d6:	0f 93       	push	r16
 7d8:	1f 93       	push	r17
 7da:	cf 93       	push	r28
 7dc:	df 93       	push	r29
 7de:	fb 01       	movw	r30, r22
 7e0:	23 81       	ldd	r18, Z+3	; 0x03
 7e2:	21 fd       	sbrc	r18, 1
 7e4:	03 c0       	rjmp	.+6      	; 0x7ec <fputc+0x16>
 7e6:	8f ef       	ldi	r24, 0xFF	; 255
 7e8:	9f ef       	ldi	r25, 0xFF	; 255
 7ea:	2c c0       	rjmp	.+88     	; 0x844 <__DATA_REGION_LENGTH__+0x44>
 7ec:	22 ff       	sbrs	r18, 2
 7ee:	16 c0       	rjmp	.+44     	; 0x81c <__DATA_REGION_LENGTH__+0x1c>
 7f0:	46 81       	ldd	r20, Z+6	; 0x06
 7f2:	57 81       	ldd	r21, Z+7	; 0x07
 7f4:	24 81       	ldd	r18, Z+4	; 0x04
 7f6:	35 81       	ldd	r19, Z+5	; 0x05
 7f8:	42 17       	cp	r20, r18
 7fa:	53 07       	cpc	r21, r19
 7fc:	44 f4       	brge	.+16     	; 0x80e <__DATA_REGION_LENGTH__+0xe>
 7fe:	a0 81       	ld	r26, Z
 800:	b1 81       	ldd	r27, Z+1	; 0x01
 802:	9d 01       	movw	r18, r26
 804:	2f 5f       	subi	r18, 0xFF	; 255
 806:	3f 4f       	sbci	r19, 0xFF	; 255
 808:	31 83       	std	Z+1, r19	; 0x01
 80a:	20 83       	st	Z, r18
 80c:	8c 93       	st	X, r24
 80e:	26 81       	ldd	r18, Z+6	; 0x06
 810:	37 81       	ldd	r19, Z+7	; 0x07
 812:	2f 5f       	subi	r18, 0xFF	; 255
 814:	3f 4f       	sbci	r19, 0xFF	; 255
 816:	37 83       	std	Z+7, r19	; 0x07
 818:	26 83       	std	Z+6, r18	; 0x06
 81a:	14 c0       	rjmp	.+40     	; 0x844 <__DATA_REGION_LENGTH__+0x44>
 81c:	8b 01       	movw	r16, r22
 81e:	ec 01       	movw	r28, r24
 820:	fb 01       	movw	r30, r22
 822:	00 84       	ldd	r0, Z+8	; 0x08
 824:	f1 85       	ldd	r31, Z+9	; 0x09
 826:	e0 2d       	mov	r30, r0
 828:	09 95       	icall
 82a:	89 2b       	or	r24, r25
 82c:	e1 f6       	brne	.-72     	; 0x7e6 <fputc+0x10>
 82e:	d8 01       	movw	r26, r16
 830:	16 96       	adiw	r26, 0x06	; 6
 832:	8d 91       	ld	r24, X+
 834:	9c 91       	ld	r25, X
 836:	17 97       	sbiw	r26, 0x07	; 7
 838:	01 96       	adiw	r24, 0x01	; 1
 83a:	17 96       	adiw	r26, 0x07	; 7
 83c:	9c 93       	st	X, r25
 83e:	8e 93       	st	-X, r24
 840:	16 97       	sbiw	r26, 0x06	; 6
 842:	ce 01       	movw	r24, r28
 844:	df 91       	pop	r29
 846:	cf 91       	pop	r28
 848:	1f 91       	pop	r17
 84a:	0f 91       	pop	r16
 84c:	08 95       	ret

0000084e <__ultoa_invert>:
 84e:	fa 01       	movw	r30, r20
 850:	aa 27       	eor	r26, r26
 852:	28 30       	cpi	r18, 0x08	; 8
 854:	51 f1       	breq	.+84     	; 0x8aa <__stack+0x4b>
 856:	20 31       	cpi	r18, 0x10	; 16
 858:	81 f1       	breq	.+96     	; 0x8ba <__stack+0x5b>
 85a:	e8 94       	clt
 85c:	6f 93       	push	r22
 85e:	6e 7f       	andi	r22, 0xFE	; 254
 860:	6e 5f       	subi	r22, 0xFE	; 254
 862:	7f 4f       	sbci	r23, 0xFF	; 255
 864:	8f 4f       	sbci	r24, 0xFF	; 255
 866:	9f 4f       	sbci	r25, 0xFF	; 255
 868:	af 4f       	sbci	r26, 0xFF	; 255
 86a:	b1 e0       	ldi	r27, 0x01	; 1
 86c:	3e d0       	rcall	.+124    	; 0x8ea <__stack+0x8b>
 86e:	b4 e0       	ldi	r27, 0x04	; 4
 870:	3c d0       	rcall	.+120    	; 0x8ea <__stack+0x8b>
 872:	67 0f       	add	r22, r23
 874:	78 1f       	adc	r23, r24
 876:	89 1f       	adc	r24, r25
 878:	9a 1f       	adc	r25, r26
 87a:	a1 1d       	adc	r26, r1
 87c:	68 0f       	add	r22, r24
 87e:	79 1f       	adc	r23, r25
 880:	8a 1f       	adc	r24, r26
 882:	91 1d       	adc	r25, r1
 884:	a1 1d       	adc	r26, r1
 886:	6a 0f       	add	r22, r26
 888:	71 1d       	adc	r23, r1
 88a:	81 1d       	adc	r24, r1
 88c:	91 1d       	adc	r25, r1
 88e:	a1 1d       	adc	r26, r1
 890:	20 d0       	rcall	.+64     	; 0x8d2 <__stack+0x73>
 892:	09 f4       	brne	.+2      	; 0x896 <__stack+0x37>
 894:	68 94       	set
 896:	3f 91       	pop	r19
 898:	2a e0       	ldi	r18, 0x0A	; 10
 89a:	26 9f       	mul	r18, r22
 89c:	11 24       	eor	r1, r1
 89e:	30 19       	sub	r19, r0
 8a0:	30 5d       	subi	r19, 0xD0	; 208
 8a2:	31 93       	st	Z+, r19
 8a4:	de f6       	brtc	.-74     	; 0x85c <__ultoa_invert+0xe>
 8a6:	cf 01       	movw	r24, r30
 8a8:	08 95       	ret
 8aa:	46 2f       	mov	r20, r22
 8ac:	47 70       	andi	r20, 0x07	; 7
 8ae:	40 5d       	subi	r20, 0xD0	; 208
 8b0:	41 93       	st	Z+, r20
 8b2:	b3 e0       	ldi	r27, 0x03	; 3
 8b4:	0f d0       	rcall	.+30     	; 0x8d4 <__stack+0x75>
 8b6:	c9 f7       	brne	.-14     	; 0x8aa <__stack+0x4b>
 8b8:	f6 cf       	rjmp	.-20     	; 0x8a6 <__stack+0x47>
 8ba:	46 2f       	mov	r20, r22
 8bc:	4f 70       	andi	r20, 0x0F	; 15
 8be:	40 5d       	subi	r20, 0xD0	; 208
 8c0:	4a 33       	cpi	r20, 0x3A	; 58
 8c2:	18 f0       	brcs	.+6      	; 0x8ca <__stack+0x6b>
 8c4:	49 5d       	subi	r20, 0xD9	; 217
 8c6:	31 fd       	sbrc	r19, 1
 8c8:	40 52       	subi	r20, 0x20	; 32
 8ca:	41 93       	st	Z+, r20
 8cc:	02 d0       	rcall	.+4      	; 0x8d2 <__stack+0x73>
 8ce:	a9 f7       	brne	.-22     	; 0x8ba <__stack+0x5b>
 8d0:	ea cf       	rjmp	.-44     	; 0x8a6 <__stack+0x47>
 8d2:	b4 e0       	ldi	r27, 0x04	; 4
 8d4:	a6 95       	lsr	r26
 8d6:	97 95       	ror	r25
 8d8:	87 95       	ror	r24
 8da:	77 95       	ror	r23
 8dc:	67 95       	ror	r22
 8de:	ba 95       	dec	r27
 8e0:	c9 f7       	brne	.-14     	; 0x8d4 <__stack+0x75>
 8e2:	00 97       	sbiw	r24, 0x00	; 0
 8e4:	61 05       	cpc	r22, r1
 8e6:	71 05       	cpc	r23, r1
 8e8:	08 95       	ret
 8ea:	9b 01       	movw	r18, r22
 8ec:	ac 01       	movw	r20, r24
 8ee:	0a 2e       	mov	r0, r26
 8f0:	06 94       	lsr	r0
 8f2:	57 95       	ror	r21
 8f4:	47 95       	ror	r20
 8f6:	37 95       	ror	r19
 8f8:	27 95       	ror	r18
 8fa:	ba 95       	dec	r27
 8fc:	c9 f7       	brne	.-14     	; 0x8f0 <__stack+0x91>
 8fe:	62 0f       	add	r22, r18
 900:	73 1f       	adc	r23, r19
 902:	84 1f       	adc	r24, r20
 904:	95 1f       	adc	r25, r21
 906:	a0 1d       	adc	r26, r0
 908:	08 95       	ret

0000090a <__prologue_saves__>:
 90a:	2f 92       	push	r2
 90c:	3f 92       	push	r3
 90e:	4f 92       	push	r4
 910:	5f 92       	push	r5
 912:	6f 92       	push	r6
 914:	7f 92       	push	r7
 916:	8f 92       	push	r8
 918:	9f 92       	push	r9
 91a:	af 92       	push	r10
 91c:	bf 92       	push	r11
 91e:	cf 92       	push	r12
 920:	df 92       	push	r13
 922:	ef 92       	push	r14
 924:	ff 92       	push	r15
 926:	0f 93       	push	r16
 928:	1f 93       	push	r17
 92a:	cf 93       	push	r28
 92c:	df 93       	push	r29
 92e:	cd b7       	in	r28, 0x3d	; 61
 930:	de b7       	in	r29, 0x3e	; 62
 932:	ca 1b       	sub	r28, r26
 934:	db 0b       	sbc	r29, r27
 936:	0f b6       	in	r0, 0x3f	; 63
 938:	f8 94       	cli
 93a:	de bf       	out	0x3e, r29	; 62
 93c:	0f be       	out	0x3f, r0	; 63
 93e:	cd bf       	out	0x3d, r28	; 61
 940:	09 94       	ijmp

00000942 <__epilogue_restores__>:
 942:	2a 88       	ldd	r2, Y+18	; 0x12
 944:	39 88       	ldd	r3, Y+17	; 0x11
 946:	48 88       	ldd	r4, Y+16	; 0x10
 948:	5f 84       	ldd	r5, Y+15	; 0x0f
 94a:	6e 84       	ldd	r6, Y+14	; 0x0e
 94c:	7d 84       	ldd	r7, Y+13	; 0x0d
 94e:	8c 84       	ldd	r8, Y+12	; 0x0c
 950:	9b 84       	ldd	r9, Y+11	; 0x0b
 952:	aa 84       	ldd	r10, Y+10	; 0x0a
 954:	b9 84       	ldd	r11, Y+9	; 0x09
 956:	c8 84       	ldd	r12, Y+8	; 0x08
 958:	df 80       	ldd	r13, Y+7	; 0x07
 95a:	ee 80       	ldd	r14, Y+6	; 0x06
 95c:	fd 80       	ldd	r15, Y+5	; 0x05
 95e:	0c 81       	ldd	r16, Y+4	; 0x04
 960:	1b 81       	ldd	r17, Y+3	; 0x03
 962:	aa 81       	ldd	r26, Y+2	; 0x02
 964:	b9 81       	ldd	r27, Y+1	; 0x01
 966:	ce 0f       	add	r28, r30
 968:	d1 1d       	adc	r29, r1
 96a:	0f b6       	in	r0, 0x3f	; 63
 96c:	f8 94       	cli
 96e:	de bf       	out	0x3e, r29	; 62
 970:	0f be       	out	0x3f, r0	; 63
 972:	cd bf       	out	0x3d, r28	; 61
 974:	ed 01       	movw	r28, r26
 976:	08 95       	ret

00000978 <_exit>:
 978:	f8 94       	cli

0000097a <__stop_program>:
 97a:	ff cf       	rjmp	.-2      	; 0x97a <__stop_program>
